[Wed, 09 Sep 2020 01:06:30 GMT] - [32minfo[39m: book club running on port 5080
[Thu, 10 Sep 2020 16:37:28 GMT] - [32minfo[39m: book club running on port 5080
[Thu, 10 Sep 2020 16:37:54 GMT] - [32minfo[39m: book club running on port 5080
[Thu, 10 Sep 2020 16:38:46 GMT] - [32minfo[39m: book club running on port 5080
[Thu, 10 Sep 2020 16:39:04 GMT] - [32minfo[39m: book club running on port 5080
[Thu, 10 Sep 2020 16:39:06 GMT] - [32minfo[39m: book club running on port 5080
[Thu, 10 Sep 2020 16:39:09 GMT] - [32minfo[39m: book club running on port 5080
[Thu, 10 Sep 2020 16:39:10 GMT] - [32minfo[39m: book club running on port 5080
[Thu, 10 Sep 2020 16:39:30 GMT] - [32minfo[39m: book club running on port 5080
[Thu, 10 Sep 2020 16:41:22 GMT] - [32minfo[39m: ::1 - - [10/Sep/2020:16:41:22 +0000] "GET / HTTP/1.1" 200 11 "-" "Mozilla/5.0 (Macintosh; Intel Mac OS X 10_15_6) AppleWebKit/537.36 (KHTML, like Gecko) Chrome/85.0.4183.102 Safari/537.36"

[Thu, 10 Sep 2020 16:41:22 GMT] - [32minfo[39m: ::1 - - [10/Sep/2020:16:41:22 +0000] "GET /favicon.ico HTTP/1.1" 404 150 "http://localhost:5080/" "Mozilla/5.0 (Macintosh; Intel Mac OS X 10_15_6) AppleWebKit/537.36 (KHTML, like Gecko) Chrome/85.0.4183.102 Safari/537.36"

[Fri, 11 Sep 2020 16:36:18 GMT] - [32minfo[39m: book club running on port 5080
[Wed, 16 Sep 2020 13:47:56 GMT] - [32minfo[39m: book club running on port 5080
[Wed, 16 Sep 2020 14:29:55 GMT] - [32minfo[39m: book club running on port 5080
[Wed, 16 Sep 2020 14:30:19 GMT] - [32minfo[39m: ::1 - - [16/Sep/2020:14:30:19 +0000] "POST / HTTP/1.1" 404 140 "-" "PostmanRuntime/7.26.3"

[Wed, 16 Sep 2020 14:30:30 GMT] - [32minfo[39m: ::1 - - [16/Sep/2020:14:30:30 +0000] "POST / HTTP/1.1" 404 140 "-" "PostmanRuntime/7.26.3"

[Wed, 16 Sep 2020 14:30:43 GMT] - [32minfo[39m: ::1 - - [16/Sep/2020:14:30:43 +0000] "GET / HTTP/1.1" 200 11 "-" "Mozilla/5.0 (Macintosh; Intel Mac OS X 10_15_6) AppleWebKit/537.36 (KHTML, like Gecko) Chrome/85.0.4183.102 Safari/537.36"

[Wed, 16 Sep 2020 14:33:03 GMT] - [32minfo[39m: book club running on port 5080
[Wed, 16 Sep 2020 14:33:04 GMT] - [32minfo[39m: book club running on port 5080
[Wed, 16 Sep 2020 14:33:07 GMT] - [32minfo[39m: book club running on port 5080
[Wed, 16 Sep 2020 14:33:25 GMT] - [32minfo[39m: book club running on port 5080
